

Started GET "/" for ::1 at 2016-05-09 18:04:45 +0530
Processing by Rails::WelcomeController#index as HTML
  Rendered /Users/ronakvyas/.rvm/gems/ruby-2.3.1@global/gems/railties-4.2.6/lib/rails/templates/rails/welcome/index.html.erb (7.4ms)
Completed 200 OK in 47ms (Views: 35.1ms | ActiveRecord: 0.0ms)


Started GET "/rails/info/properties" for ::1 at 2016-05-09 18:05:43 +0530
Processing by Rails::InfoController#properties as */*
  Rendered /Users/ronakvyas/.rvm/gems/ruby-2.3.1@global/gems/railties-4.2.6/lib/rails/templates/rails/info/properties.html.erb (1.5ms)
Completed 200 OK in 164ms (Views: 55.1ms | ActiveRecord: 4.7ms)


Started GET "/" for ::1 at 2016-05-09 18:10:59 +0530
Processing by ApplicationController#hello as HTML
  Rendered text template (0.1ms)
Completed 200 OK in 13ms (Views: 11.3ms | ActiveRecord: 0.0ms)


Started GET "/" for ::1 at 2016-05-09 18:11:19 +0530
Processing by ApplicationController#hello as HTML
  Rendered text template (0.0ms)
Completed 200 OK in 1ms (Views: 0.6ms | ActiveRecord: 0.0ms)


Started GET "/" for ::1 at 2016-05-09 18:11:25 +0530
Processing by ApplicationController#hello as HTML
  Rendered text template (0.0ms)
Completed 200 OK in 1ms (Views: 0.4ms | ActiveRecord: 0.0ms)


Started GET "/" for ::1 at 2016-05-09 18:25:59 +0530
Processing by ApplicationController#hello as HTML
  Rendered text template (0.0ms)
Completed 200 OK in 38ms (Views: 24.0ms | ActiveRecord: 0.0ms)


Started GET "/" for ::1 at 2016-05-11 14:34:24 +0530
Processing by ApplicationController#hello as HTML
  Rendered text template (0.2ms)
Completed 200 OK in 57ms (Views: 31.3ms | ActiveRecord: 0.0ms)


Started GET "/users" for ::1 at 2016-05-11 14:35:00 +0530

ActionController::RoutingError (No route matches [GET] "/users"):
  actionpack (4.2.6) lib/action_dispatch/middleware/debug_exceptions.rb:21:in `call'
  web-console (2.3.0) lib/web_console/middleware.rb:28:in `block in call'
  web-console (2.3.0) lib/web_console/middleware.rb:18:in `catch'
  web-console (2.3.0) lib/web_console/middleware.rb:18:in `call'
  actionpack (4.2.6) lib/action_dispatch/middleware/show_exceptions.rb:30:in `call'
  railties (4.2.6) lib/rails/rack/logger.rb:38:in `call_app'
  railties (4.2.6) lib/rails/rack/logger.rb:20:in `block in call'
  activesupport (4.2.6) lib/active_support/tagged_logging.rb:68:in `block in tagged'
  activesupport (4.2.6) lib/active_support/tagged_logging.rb:26:in `tagged'
  activesupport (4.2.6) lib/active_support/tagged_logging.rb:68:in `tagged'
  railties (4.2.6) lib/rails/rack/logger.rb:20:in `call'
  actionpack (4.2.6) lib/action_dispatch/middleware/request_id.rb:21:in `call'
  rack (1.6.4) lib/rack/methodoverride.rb:22:in `call'
  rack (1.6.4) lib/rack/runtime.rb:18:in `call'
  activesupport (4.2.6) lib/active_support/cache/strategy/local_cache_middleware.rb:28:in `call'
  rack (1.6.4) lib/rack/lock.rb:17:in `call'
  actionpack (4.2.6) lib/action_dispatch/middleware/static.rb:120:in `call'
  rack (1.6.4) lib/rack/sendfile.rb:113:in `call'
  railties (4.2.6) lib/rails/engine.rb:518:in `call'
  railties (4.2.6) lib/rails/application.rb:165:in `call'
  rack (1.6.4) lib/rack/lock.rb:17:in `call'
  rack (1.6.4) lib/rack/content_length.rb:15:in `call'
  rack (1.6.4) lib/rack/handler/webrick.rb:88:in `service'
  /Users/ronakvyas/.rvm/rubies/ruby-2.3.1/lib/ruby/2.3.0/webrick/httpserver.rb:140:in `service'
  /Users/ronakvyas/.rvm/rubies/ruby-2.3.1/lib/ruby/2.3.0/webrick/httpserver.rb:96:in `run'
  /Users/ronakvyas/.rvm/rubies/ruby-2.3.1/lib/ruby/2.3.0/webrick/server.rb:296:in `block in start_thread'


  Rendered /Users/ronakvyas/.rvm/gems/ruby-2.3.1@global/gems/actionpack-4.2.6/lib/action_dispatch/middleware/templates/rescues/_trace.html.erb (6.2ms)
  Rendered /Users/ronakvyas/.rvm/gems/ruby-2.3.1@global/gems/actionpack-4.2.6/lib/action_dispatch/middleware/templates/routes/_route.html.erb (1.6ms)
  Rendered /Users/ronakvyas/.rvm/gems/ruby-2.3.1@global/gems/actionpack-4.2.6/lib/action_dispatch/middleware/templates/routes/_table.html.erb (42.2ms)
  Rendered /Users/ronakvyas/.rvm/gems/ruby-2.3.1@global/gems/actionpack-4.2.6/lib/action_dispatch/middleware/templates/rescues/_request_and_response.html.erb (7.6ms)
  Rendered /Users/ronakvyas/.rvm/gems/ruby-2.3.1@global/gems/actionpack-4.2.6/lib/action_dispatch/middleware/templates/rescues/routing_error.html.erb within rescues/layout (241.2ms)
  Rendered /Users/ronakvyas/.rvm/gems/ruby-2.3.1/gems/web-console-2.3.0/lib/web_console/templates/_markup.html.erb (0.7ms)
  Rendered /Users/ronakvyas/.rvm/gems/ruby-2.3.1/gems/web-console-2.3.0/lib/web_console/templates/_inner_console_markup.html.erb within layouts/inlined_string (0.4ms)
  Rendered /Users/ronakvyas/.rvm/gems/ruby-2.3.1/gems/web-console-2.3.0/lib/web_console/templates/_prompt_box_markup.html.erb within layouts/inlined_string (1.0ms)
  Rendered /Users/ronakvyas/.rvm/gems/ruby-2.3.1/gems/web-console-2.3.0/lib/web_console/templates/style.css.erb within layouts/inlined_string (0.4ms)
  Rendered /Users/ronakvyas/.rvm/gems/ruby-2.3.1/gems/web-console-2.3.0/lib/web_console/templates/console.js.erb within layouts/javascript (118.2ms)
  Rendered /Users/ronakvyas/.rvm/gems/ruby-2.3.1/gems/web-console-2.3.0/lib/web_console/templates/main.js.erb within layouts/javascript (0.7ms)
  Rendered /Users/ronakvyas/.rvm/gems/ruby-2.3.1/gems/web-console-2.3.0/lib/web_console/templates/error_page.js.erb within layouts/javascript (0.6ms)
  Rendered /Users/ronakvyas/.rvm/gems/ruby-2.3.1/gems/web-console-2.3.0/lib/web_console/templates/index.html.erb (207.5ms)
